  Building Custom Rule C:/Visual Studio 2015/Projects/tensorflow/tensorflow/contrib/cmake/CMakeLists.txt
  CMake does not need to re-run because C:/Visual Studio 2015/Projects/tensorflow/tensorflow/contrib/cmake/build/CMakeFiles/generate.stamp is up-to-date.
  Generating tf_python/tensorflow/python/ops/gen_array_ops.py
  Generating tf_python/tensorflow/python/ops/gen_bitwise_ops.py
  Generating tf_python/tensorflow/python/ops/gen_math_ops.py
  Generating tf_python/tensorflow/python/ops/gen_functional_ops.py
  Generating tf_python/tensorflow/python/ops/gen_candidate_sampling_ops.py
  Generating tf_python/tensorflow/python/ops/gen_control_flow_ops.py
  Generating tf_python/tensorflow/python/ops/gen_ctc_ops.py
  Generating tf_python/tensorflow/python/ops/gen_data_flow_ops.py
  Generating tf_python/tensorflow/python/ops/gen_dataset_ops.py
  Generating tf_python/tensorflow/python/ops/gen_image_ops.py
  Generating tf_python/tensorflow/python/ops/gen_io_ops.py
  Generating tf_python/tensorflow/python/ops/gen_linalg_ops.py
  Generating tf_python/tensorflow/python/ops/gen_logging_ops.py
  Generating tf_python/tensorflow/python/ops/gen_lookup_ops.py
  Generating tf_python/tensorflow/python/ops/gen_nn_ops.py
  Generating tf_python/tensorflow/python/ops/gen_parsing_ops.py
  Generating tf_python/tensorflow/python/ops/gen_random_ops.py
  Generating tf_python/tensorflow/contrib/remote_fused_graph/pylib/python/ops/gen_remote_fused_graph_ops.py
  Generating tf_python/tensorflow/python/ops/gen_resource_variable_ops.py
  Generating tf_python/tensorflow/python/ops/gen_script_ops.py
  Generating tf_python/tensorflow/python/ops/gen_sdca_ops.py
  Generating tf_python/tensorflow/python/ops/gen_set_ops.py
  Generating tf_python/tensorflow/python/ops/gen_state_ops.py
  Generating tf_python/tensorflow/python/ops/gen_sparse_ops.py
  Generating tf_python/tensorflow/python/ops/gen_spectral_ops.py
  Generating tf_python/tensorflow/python/ops/gen_string_ops.py
  Generating tf_python/tensorflow/python/ops/gen_user_ops.py
  Generating tf_python/tensorflow/python/training/gen_training_ops.py
  Generating tf_python/tensorflow/contrib/boosted_trees/python/ops/gen_model_ops.py
  Generating tf_python/tensorflow/contrib/boosted_trees/python/ops/gen_split_handler_ops.py
  Generating tf_python/tensorflow/contrib/boosted_trees/python/ops/gen_training_ops.py
  Generating tf_python/tensorflow/contrib/boosted_trees/python/ops/gen_prediction_ops.py
  Generating tf_python/tensorflow/contrib/boosted_trees/python/ops/gen_quantile_ops.py
  Generating tf_python/tensorflow/contrib/boosted_trees/python/ops/gen_ensemble_optimizer_ops.py
  Generating tf_python/tensorflow/contrib/boosted_trees/python/ops/gen_stats_accumulator_ops.py
  Generating tf_python/tensorflow/contrib/cudnn_rnn/ops/gen_cudnn_rnn_ops.py
  Generating tf_python/tensorflow/contrib/factorization/python/ops/gen_clustering_ops.py
  Generating tf_python/tensorflow/contrib/factorization/python/ops/gen_factorization_ops.py
  Generating tf_python/tensorflow/contrib/framework/python/ops/gen_checkpoint_ops.py
  Generating tf_python/tensorflow/contrib/framework/python/ops/gen_variable_ops.py
  Generating tf_python/tensorflow/contrib/input_pipeline/ops/gen_input_pipeline_ops.py
  Generating tf_python/tensorflow/contrib/image/ops/gen_image_ops.py
  Generating tf_python/tensorflow/contrib/layers/ops/gen_sparse_feature_cross_op.py
  Generating tf_python/tensorflow/contrib/memory_stats/ops/gen_memory_stats_ops.py
  Generating tf_python/tensorflow/contrib/nccl/ops/gen_nccl_ops.py
  Generating tf_python/tensorflow/contrib/resampler/ops/gen_resampler_ops.py
  Generating tf_python/tensorflow/contrib/rnn/ops/gen_gru_ops.py
  Generating tf_python/tensorflow/contrib/rnn/ops/gen_lstm_ops.py
  Generating tf_python/tensorflow/contrib/seq2seq/ops/gen_beam_search_ops.py
  Generating tf_python/tensorflow/contrib/tensor_forest/python/ops/gen_tensor_forest_ops.py
  Generating tf_python/tensorflow/contrib/tensor_forest/hybrid/ops/gen_training_ops.py
  Generating tf_python/tensorflow/contrib/tensor_forest/python/ops/gen_model_ops.py
  Generating tf_python/tensorflow/contrib/tensor_forest/python/ops/gen_stats_ops.py
  Generating tf_python/tensorflow/contrib/text/python/ops/gen_skip_gram_ops.py
  Generating tf_python/tensorflow/contrib/cloud/python/ops/gen_bigquery_reader_ops.py
  Generating tf_python/tensorflow/contrib/stateless/gen_stateless_random_ops.py
  Generating tf_python/tensorflow/python/debug/ops/gen_debug_ops.py
  Running Python protocol buffer compiler on tensorflow/core/debug/debug_service.proto
  Running Python protocol buffer compiler on tensorflow/core/debug/debugger_event_metadata.proto
  Running Python protocol buffer compiler on tensorflow/core/example/example.proto
  Running Python protocol buffer compiler on tensorflow/core/example/example_parser_configuration.proto
  Running Python protocol buffer compiler on tensorflow/core/example/feature.proto
  Running Python protocol buffer compiler on tensorflow/core/framework/allocation_description.proto
  Running Python protocol buffer compiler on tensorflow/core/framework/attr_value.proto
  Running Python protocol buffer compiler on tensorflow/core/framework/cost_graph.proto
  Running Python protocol buffer compiler on tensorflow/core/framework/device_attributes.proto
  Running Python protocol buffer compiler on tensorflow/core/framework/function.proto
  Running Python protocol buffer compiler on tensorflow/core/framework/graph.proto
  Running Python protocol buffer compiler on tensorflow/core/framework/graph_transfer_info.proto
  Running Python protocol buffer compiler on tensorflow/core/framework/kernel_def.proto
  Running Python protocol buffer compiler on tensorflow/core/framework/log_memory.proto
  Running Python protocol buffer compiler on tensorflow/core/framework/node_def.proto
  Running Python protocol buffer compiler on tensorflow/core/framework/op_def.proto
  Running Python protocol buffer compiler on tensorflow/core/framework/op_gen_overrides.proto
  Running Python protocol buffer compiler on tensorflow/core/framework/reader_base.proto
  Running Python protocol buffer compiler on tensorflow/core/framework/remote_fused_graph_execute_info.proto
  Running Python protocol buffer compiler on tensorflow/core/framework/resource_handle.proto
  Running Python protocol buffer compiler on tensorflow/core/framework/step_stats.proto
  Running Python protocol buffer compiler on tensorflow/core/framework/summary.proto
  Running Python protocol buffer compiler on tensorflow/core/framework/tensor.proto
  Running Python protocol buffer compiler on tensorflow/core/framework/tensor_description.proto
  Running Python protocol buffer compiler on tensorflow/core/framework/tensor_shape.proto
  Running Python protocol buffer compiler on tensorflow/core/framework/tensor_slice.proto
  Running Python protocol buffer compiler on tensorflow/core/framework/types.proto
  Running Python protocol buffer compiler on tensorflow/core/framework/variable.proto
  Running Python protocol buffer compiler on tensorflow/core/framework/versions.proto
  Running Python protocol buffer compiler on tensorflow/core/grappler/costs/op_performance_data.proto
  Running Python protocol buffer compiler on tensorflow/core/lib/core/error_codes.proto
  Running Python protocol buffer compiler on tensorflow/core/profiler/profile.proto
  Running Python protocol buffer compiler on tensorflow/core/profiler/tfprof_log.proto
  Running Python protocol buffer compiler on tensorflow/core/profiler/tfprof_options.proto
  Running Python protocol buffer compiler on tensorflow/core/profiler/tfprof_output.proto
  Running Python protocol buffer compiler on tensorflow/core/protobuf/cluster.proto
  Running Python protocol buffer compiler on tensorflow/core/protobuf/config.proto
  Running Python protocol buffer compiler on tensorflow/core/protobuf/control_flow.proto
  Running Python protocol buffer compiler on tensorflow/core/protobuf/debug.proto
  Running Python protocol buffer compiler on tensorflow/core/protobuf/device_properties.proto
  Running Python protocol buffer compiler on tensorflow/core/protobuf/master.proto
  Running Python protocol buffer compiler on tensorflow/core/protobuf/master_service.proto
  Running Python protocol buffer compiler on tensorflow/core/protobuf/meta_graph.proto
  Running Python protocol buffer compiler on tensorflow/core/protobuf/named_tensor.proto
  Running Python protocol buffer compiler on tensorflow/core/protobuf/queue_runner.proto
  Running Python protocol buffer compiler on tensorflow/core/protobuf/rewriter_config.proto
  Running Python protocol buffer compiler on tensorflow/core/protobuf/saved_model.proto
  Running Python protocol buffer compiler on tensorflow/core/protobuf/saver.proto
  Running Python protocol buffer compiler on tensorflow/core/protobuf/tensor_bundle.proto
  Running Python protocol buffer compiler on tensorflow/core/protobuf/tensorflow_server.proto
  Running Python protocol buffer compiler on tensorflow/core/protobuf/worker.proto
  Running Python protocol buffer compiler on tensorflow/core/protobuf/worker_service.proto
  Running Python protocol buffer compiler on tensorflow/core/util/event.proto
  Running Python protocol buffer compiler on tensorflow/core/util/example_proto_fast_parsing_test.proto
  Running Python protocol buffer compiler on tensorflow/core/util/memmapped_file_system.proto
  Running Python protocol buffer compiler on tensorflow/core/util/saved_tensor_slice.proto
  Running Python protocol buffer compiler on tensorflow/core/util/test_log.proto
  Running Python protocol buffer compiler on tensorflow/python/framework/cpp_shape_inference.proto
  Running Python protocol buffer compiler on tensorflow/python/training/checkpoint_state.proto
  Running Python protocol buffer compiler on tensorflow/python/util/protobuf/compare_test.proto
  Running Python protocol buffer compiler on tensorflow/contrib/boosted_trees/proto/learner.proto
  Running Python protocol buffer compiler on tensorflow/contrib/boosted_trees/proto/quantiles.proto
  Running Python protocol buffer compiler on tensorflow/contrib/boosted_trees/proto/split_info.proto
  Running Python protocol buffer compiler on tensorflow/contrib/boosted_trees/proto/tree_config.proto
  Running Python protocol buffer compiler on tensorflow/contrib/decision_trees/proto/generic_tree_model.proto
  Running Python protocol buffer compiler on tensorflow/contrib/decision_trees/proto/generic_tree_model_extensions.proto
  Running Python protocol buffer compiler on tensorflow/contrib/session_bundle/manifest.proto
  Running Python protocol buffer compiler on tensorflow/contrib/tensor_forest/proto/fertile_stats.proto
  Running Python protocol buffer compiler on tensorflow/contrib/tensor_forest/proto/tensor_forest_params.proto
  Running Python protocol buffer compiler on tensorflow/contrib/tensorboard/graph_explorer/proto/graph_explorer.proto
  Running Python protocol buffer compiler on tensorflow/contrib/tensorboard/plugins/projector/projector_config.proto
  Running Python protocol buffer compiler on tensorflow/contrib/tensorboard/plugins/trace/trace_info.proto
  Running Python protocol buffer compiler on tensorflow/contrib/tpu/profiler/tpu_profiler.proto
  Running Python protocol buffer compiler on tensorflow/contrib/tpu/profiler/trace_events.proto
  Running Python protocol buffer compiler on tensorflow/contrib/training/python/training/hparam.proto
