  Building Custom Rule C:/Visual Studio 2015/Projects/tensorflow/tensorflow/contrib/cmake/CMakeLists.txt
  CMake does not need to re-run because C:/Visual Studio 2015/Projects/tensorflow/tensorflow/contrib/cmake/build/CMakeFiles/generate.stamp is up-to-date.
  arena.cc
  bitmap.cc
  coding.cc
  status.cc
  stringpiece.cc
  threadpool.cc
  gif_io.cc
  crc32c.cc
  crc32c_accelerate.cc
  hash.cc
  histogram.cc
  block.cc
  block_builder.cc
  buffered_inputstream.cc
  compression.cc
  format.cc
  inputbuffer.cc
  inputstream_interface.cc
  iterator.cc
  path.cc
  random_inputstream.cc
  record_reader.cc
  record_writer.cc
  snappy_inputbuffer.cc
  snappy_outputbuffer.cc
  table.cc
  table_builder.cc
  two_level_iterator.cc
  zlib_inputstream.cc
  zlib_outputbuffer.cc
  jpeg_handle.cc
  jpeg_mem.cc
  collection_registry.cc
  png_io.cc
  distribution_sampler.cc
  random.cc
  simple_philox.cc
  weighted_picker.cc
  base64.cc
  numbers.cc
  ordered_code.cc
  proto_text_util.cc
  scanner.cc
  str_util.cc
  strcat.cc
  stringprintf.cc
  wav_io.cc
  cpu_feature_guard.cc
  cpu_info.cc
  denormal.cc
  file_system.cc
  protobuf_util.cc
  setround.cc
  tensor_coding.cc
  gpu_tracer.cc
  logging.cc
  protobuf.cc
  resource_handle.cc
  net.cc
  port.cc
  windows_file_system.cc
  env.cc
  env_time.cc
  tracing.cc
  tracing.cc
  env.cc
  env_time.cc
  error.cc
  error.cc
  tf_core_lib.vcxproj -> C:\Visual Studio 2015\Projects\tensorflow\tensorflow\contrib\cmake\build\tf_core_lib.dir\Release\tf_core_lib.lib
