  Building Custom Rule C:/Visual Studio 2015/Projects/tensorflow/tensorflow/contrib/cmake/CMakeLists.txt
  CMake does not need to re-run because C:/Visual Studio 2015/Projects/tensorflow/tensorflow/contrib/cmake/build/CMakeFiles/generate.stamp is up-to-date.
  Creating directories for 'fft2d'
  Performing download step (download, verify and extract) for 'fft2d'
  -- Downloading...
     dst='C:/Visual Studio 2015/Projects/tensorflow/tensorflow/contrib/cmake/build/downloads/fft.tgz'
     timeout='none'
  -- Using src='http://www.kurims.kyoto-u.ac.jp/~ooura/fft.tgz'
  -- [download 0% complete]
  -- [download 4% complete]
  -- [download 6% complete]
  -- [download 8% complete]
  -- [download 12% complete]
  -- [download 16% complete]
  -- [download 18% complete]
  -- [download 22% complete]
  -- [download 26% complete]
  -- [download 30% complete]
  -- [download 32% complete]
  -- [download 36% complete]
  -- [download 40% complete]
  -- [download 44% complete]
  -- [download 50% complete]
  -- [download 52% complete]
  -- [download 56% complete]
  -- [download 60% complete]
  -- [download 64% complete]
  -- [download 70% complete]
  -- [download 75% complete]
  -- [download 79% complete]
  -- [download 81% complete]
  -- [download 85% complete]
  -- [download 89% complete]
  -- [download 93% complete]
  -- [download 99% complete]
  -- [download 100% complete]
  -- verifying file...
         file='C:/Visual Studio 2015/Projects/tensorflow/tensorflow/contrib/cmake/build/downloads/fft.tgz'
  -- Downloading... done
  -- extracting...
       src='C:/Visual Studio 2015/Projects/tensorflow/tensorflow/contrib/cmake/build/downloads/fft.tgz'
       dst='C:/Visual Studio 2015/Projects/tensorflow/tensorflow/contrib/cmake/build/fft2d/src/fft2d'
  -- extracting... [tar xfz]
  -- extracting... [analysis]
  -- extracting... [rename]
  -- extracting... [clean up]
  -- extracting... done
  No update step for 'fft2d'
  Performing patch step for 'fft2d'
  Performing configure step for 'fft2d'
  loading initial cache file C:/Visual Studio 2015/Projects/tensorflow/tensorflow/contrib/cmake/build/fft2d/tmp/fft2d-cache-Release.cmake
  -- The C compiler identification is MSVC 19.0.24215.1
  -- The CXX compiler identification is MSVC 19.0.24215.1
  -- Check for working C compiler: C:/Program Files (x86)/Microsoft Visual Studio 14.0/VC/bin/x86_amd64/cl.exe
  -- Check for working C compiler: C:/Program Files (x86)/Microsoft Visual Studio 14.0/VC/bin/x86_amd64/cl.exe -- works
  -- Detecting C compiler ABI info
  -- Detecting C compiler ABI info - done
  -- Check for working CXX compiler: C:/Program Files (x86)/Microsoft Visual Studio 14.0/VC/bin/x86_amd64/cl.exe
  -- Check for working CXX compiler: C:/Program Files (x86)/Microsoft Visual Studio 14.0/VC/bin/x86_amd64/cl.exe -- works
  -- Detecting CXX compiler ABI info
  -- Detecting CXX compiler ABI info - done
  -- Detecting CXX compile features
  -- Detecting CXX compile features - done
  -- Configuring done
  -- Generating done
  -- Build files have been written to: C:/Visual Studio 2015/Projects/tensorflow/tensorflow/contrib/cmake/build/fft2d/src/fft2d
  Performing build step for 'fft2d'
  Microsoft (R) Build Engine version 14.0.25420.1
  Copyright (C) Microsoft Corporation. All rights reserved.
  
  Build started 18/08/2017 14:50:16.
  Project "C:\Visual Studio 2015\Projects\tensorflow\tensorflow\contrib\cmake\build\fft2d\src\fft2d\ALL_BUILD.vcxproj" on node 1 (default targets).
  Project "C:\Visual Studio 2015\Projects\tensorflow\tensorflow\contrib\cmake\build\fft2d\src\fft2d\ALL_BUILD.vcxproj" (1) is building "C:\Visual Studio 2015\Projects\tensorflow\tensorflow\contrib\cmake\build\fft2d\src\fft2d\ZERO_CHECK.vcxproj" (2) on node 1 (default targets).
  PrepareForBuild:
    Creating directory "x64\Release\ZERO_CHECK\".
    Creating directory "x64\Release\ZERO_CHECK\ZERO_CHECK.tlog\".
  InitializeBuildStatus:
    Creating "x64\Release\ZERO_CHECK\ZERO_CHECK.tlog\unsuccessfulbuild" because "AlwaysCreate" was specified.
  CustomBuild:
    Checking Build System
    CMake does not need to re-run because C:/Visual Studio 2015/Projects/tensorflow/tensorflow/contrib/cmake/build/fft2d/src/fft2d/CMakeFiles/generate.stamp is up-to-date.
  FinalizeBuildStatus:
    Deleting file "x64\Release\ZERO_CHECK\ZERO_CHECK.tlog\unsuccessfulbuild".
    Touching "x64\Release\ZERO_CHECK\ZERO_CHECK.tlog\ZERO_CHECK.lastbuildstate".
  Done Building Project "C:\Visual Studio 2015\Projects\tensorflow\tensorflow\contrib\cmake\build\fft2d\src\fft2d\ZERO_CHECK.vcxproj" (default targets).
  Project "C:\Visual Studio 2015\Projects\tensorflow\tensorflow\contrib\cmake\build\fft2d\src\fft2d\ALL_BUILD.vcxproj" (1) is building "C:\Visual Studio 2015\Projects\tensorflow\tensorflow\contrib\cmake\build\fft2d\src\fft2d\fft2d.vcxproj" (3) on node 1 (default targets).
  PrepareForBuild:
    Creating directory "fft2d.dir\Release\".
    Creating directory "C:\Visual Studio 2015\Projects\tensorflow\tensorflow\contrib\cmake\build\fft2d\src\fft2d\Release\".
    Creating directory "fft2d.dir\Release\fft2d.tlog\".
  InitializeBuildStatus:
    Creating "fft2d.dir\Release\fft2d.tlog\unsuccessfulbuild" because "AlwaysCreate" was specified.
  CustomBuild:
    Building Custom Rule C:/Visual Studio 2015/Projects/tensorflow/tensorflow/contrib/cmake/build/fft2d/src/fft2d/CMakeLists.txt
    CMake does not need to re-run because C:/Visual Studio 2015/Projects/tensorflow/tensorflow/contrib/cmake/build/fft2d/src/fft2d/CMakeFiles/generate.stamp is up-to-date.
  ClCompile:
    C:\Program Files (x86)\Microsoft Visual Studio 14.0\VC\bin\x86_amd64\CL.exe /c /I"C:\Visual Studio 2015\Projects\tensorflow\tensorflow\contrib\cmake\build\fft2d\src\fft2d" /nologo /W3 /WX- /O2 /Ob2 /D WIN32 /D _WINDOWS /D NDEBUG /D "CMAKE_INTDIR=\"Release\"" /D _MBCS /Gm- /MD /GS /fp:precise /Zc:wchar_t /Zc:forScope /Zc:inline /Fo"fft2d.dir\Release\\" /Fd"fft2d.dir\Release\fft2d.pdb" /Gd /TC /errorReport:queue "C:\Visual Studio 2015\Projects\tensorflow\tensorflow\contrib\cmake\build\fft2d\src\fft2d\fftsg.c"
    fftsg.c
  Lib:
    C:\Program Files (x86)\Microsoft Visual Studio 14.0\VC\bin\x86_amd64\Lib.exe /OUT:"C:\Visual Studio 2015\Projects\tensorflow\tensorflow\contrib\cmake\build\fft2d\src\fft2d\Release\fft2d.lib" /NOLOGO /MACHINE:X64  /machine:x64 fft2d.dir\Release\fftsg.obj
    fft2d.vcxproj -> C:\Visual Studio 2015\Projects\tensorflow\tensorflow\contrib\cmake\build\fft2d\src\fft2d\Release\fft2d.lib
  FinalizeBuildStatus:
    Deleting file "fft2d.dir\Release\fft2d.tlog\unsuccessfulbuild".
    Touching "fft2d.dir\Release\fft2d.tlog\fft2d.lastbuildstate".
  Done Building Project "C:\Visual Studio 2015\Projects\tensorflow\tensorflow\contrib\cmake\build\fft2d\src\fft2d\fft2d.vcxproj" (default targets).
  PrepareForBuild:
    Creating directory "x64\Release\ALL_BUILD\".
    Creating directory "x64\Release\ALL_BUILD\ALL_BUILD.tlog\".
  InitializeBuildStatus:
    Creating "x64\Release\ALL_BUILD\ALL_BUILD.tlog\unsuccessfulbuild" because "AlwaysCreate" was specified.
  CustomBuild:
    Building Custom Rule C:/Visual Studio 2015/Projects/tensorflow/tensorflow/contrib/cmake/build/fft2d/src/fft2d/CMakeLists.txt
    CMake does not need to re-run because C:/Visual Studio 2015/Projects/tensorflow/tensorflow/contrib/cmake/build/fft2d/src/fft2d/CMakeFiles/generate.stamp is up-to-date.
  FinalizeBuildStatus:
    Deleting file "x64\Release\ALL_BUILD\ALL_BUILD.tlog\unsuccessfulbuild".
    Touching "x64\Release\ALL_BUILD\ALL_BUILD.tlog\ALL_BUILD.lastbuildstate".
  Done Building Project "C:\Visual Studio 2015\Projects\tensorflow\tensorflow\contrib\cmake\build\fft2d\src\fft2d\ALL_BUILD.vcxproj" (default targets).
  
  Build succeeded.
      0 Warning(s)
      0 Error(s)
  
  Time Elapsed 00:00:19.82
  Performing install step for 'fft2d'
  Microsoft (R) Build Engine version 14.0.25420.1
  Copyright (C) Microsoft Corporation. All rights reserved.
  
  Build started 18/08/2017 14:50:41.
  Project "C:\Visual Studio 2015\Projects\tensorflow\tensorflow\contrib\cmake\build\fft2d\src\fft2d\install.vcxproj" on node 1 (default targets).
  Project "C:\Visual Studio 2015\Projects\tensorflow\tensorflow\contrib\cmake\build\fft2d\src\fft2d\install.vcxproj" (1) is building "C:\Visual Studio 2015\Projects\tensorflow\tensorflow\contrib\cmake\build\fft2d\src\fft2d\ZERO_CHECK.vcxproj" (2) on node 1 (default targets).
  InitializeBuildStatus:
    Creating "x64\Release\ZERO_CHECK\ZERO_CHECK.tlog\unsuccessfulbuild" because "AlwaysCreate" was specified.
  CustomBuild:
    All outputs are up-to-date.
  FinalizeBuildStatus:
    Deleting file "x64\Release\ZERO_CHECK\ZERO_CHECK.tlog\unsuccessfulbuild".
    Touching "x64\Release\ZERO_CHECK\ZERO_CHECK.tlog\ZERO_CHECK.lastbuildstate".
  Done Building Project "C:\Visual Studio 2015\Projects\tensorflow\tensorflow\contrib\cmake\build\fft2d\src\fft2d\ZERO_CHECK.vcxproj" (default targets).
  Project "C:\Visual Studio 2015\Projects\tensorflow\tensorflow\contrib\cmake\build\fft2d\src\fft2d\install.vcxproj" (1) is building "C:\Visual Studio 2015\Projects\tensorflow\tensorflow\contrib\cmake\build\fft2d\src\fft2d\ALL_BUILD.vcxproj" (3) on node 1 (default targets).
  Project "C:\Visual Studio 2015\Projects\tensorflow\tensorflow\contrib\cmake\build\fft2d\src\fft2d\ALL_BUILD.vcxproj" (3) is building "C:\Visual Studio 2015\Projects\tensorflow\tensorflow\contrib\cmake\build\fft2d\src\fft2d\fft2d.vcxproj" (4) on node 1 (default targets).
  InitializeBuildStatus:
    Creating "fft2d.dir\Release\fft2d.tlog\unsuccessfulbuild" because "AlwaysCreate" was specified.
  CustomBuild:
    All outputs are up-to-date.
  ClCompile:
    All outputs are up-to-date.
  Lib:
    All outputs are up-to-date.
    fft2d.vcxproj -> C:\Visual Studio 2015\Projects\tensorflow\tensorflow\contrib\cmake\build\fft2d\src\fft2d\Release\fft2d.lib
  FinalizeBuildStatus:
    Deleting file "fft2d.dir\Release\fft2d.tlog\unsuccessfulbuild".
    Touching "fft2d.dir\Release\fft2d.tlog\fft2d.lastbuildstate".
  Done Building Project "C:\Visual Studio 2015\Projects\tensorflow\tensorflow\contrib\cmake\build\fft2d\src\fft2d\fft2d.vcxproj" (default targets).
  InitializeBuildStatus:
    Creating "x64\Release\ALL_BUILD\ALL_BUILD.tlog\unsuccessfulbuild" because "AlwaysCreate" was specified.
  CustomBuild:
    All outputs are up-to-date.
  FinalizeBuildStatus:
    Deleting file "x64\Release\ALL_BUILD\ALL_BUILD.tlog\unsuccessfulbuild".
    Touching "x64\Release\ALL_BUILD\ALL_BUILD.tlog\ALL_BUILD.lastbuildstate".
  Done Building Project "C:\Visual Studio 2015\Projects\tensorflow\tensorflow\contrib\cmake\build\fft2d\src\fft2d\ALL_BUILD.vcxproj" (default targets).
  PrepareForBuild:
    Creating directory "x64\Release\INSTALL\".
    Creating directory "x64\Release\INSTALL\INSTALL.tlog\".
  InitializeBuildStatus:
    Creating "x64\Release\INSTALL\INSTALL.tlog\unsuccessfulbuild" because "AlwaysCreate" was specified.
  PostBuildEvent:
    setlocal
    "C:\Program Files\CMake\bin\cmake.exe" -DBUILD_TYPE=Release -P cmake_install.cmake
    if %errorlevel% neq 0 goto :cmEnd
    :cmEnd
    endlocal & call :cmErrorLevel %errorlevel% & goto :cmDone
    :cmErrorLevel
    exit /b %1
    :cmDone
    if %errorlevel% neq 0 goto :VCEnd
    :VCEnd
    -- Install configuration: "Release"
    -- Installing: C:/Visual Studio 2015/Projects/tensorflow/tensorflow/contrib/cmake/build/fft2d/src/lib/fft2d.lib
  FinalizeBuildStatus:
    Deleting file "x64\Release\INSTALL\INSTALL.tlog\unsuccessfulbuild".
    Touching "x64\Release\INSTALL\INSTALL.tlog\INSTALL.lastbuildstate".
  Done Building Project "C:\Visual Studio 2015\Projects\tensorflow\tensorflow\contrib\cmake\build\fft2d\src\fft2d\install.vcxproj" (default targets).
  
  Build succeeded.
      0 Warning(s)
      0 Error(s)
  
  Time Elapsed 00:00:09.28
  Completed 'fft2d'
