  Building Custom Rule C:/Visual Studio 2015/Projects/tensorflow/tensorflow/contrib/cmake/CMakeLists.txt
  CMake does not need to re-run because C:/Visual Studio 2015/Projects/tensorflow/tensorflow/contrib/cmake/build/CMakeFiles/generate.stamp is up-to-date.
  Creating directories for 'gemmlowp'
  Performing download step (download, verify and extract) for 'gemmlowp'
  -- Downloading...
     dst='C:/Visual Studio 2015/Projects/tensorflow/tensorflow/contrib/cmake/build/downloads/010bb3e71a26ca1d0884a167081d092b43563996.tar.gz'
     timeout='none'
  -- Using src='http://github.com/google/gemmlowp/archive/010bb3e71a26ca1d0884a167081d092b43563996.tar.gz'
  -- [download 0% complete]
  -- [download 1% complete]
  -- [download 2% complete]
  -- [download 3% complete]
  -- [download 4% complete]
  -- [download 5% complete]
  -- [download 6% complete]
  -- [download 7% complete]
  -- [download 8% complete]
  -- [download 9% complete]
  -- [download 10% complete]
  -- [download 11% complete]
  -- [download 12% complete]
  -- [download 13% complete]
  -- [download 14% complete]
  -- [download 15% complete]
  -- [download 16% complete]
  -- [download 17% complete]
  -- [download 18% complete]
  -- [download 19% complete]
  -- [download 20% complete]
  -- [download 21% complete]
  -- [download 22% complete]
  -- [download 23% complete]
  -- [download 24% complete]
  -- [download 25% complete]
  -- [download 26% complete]
  -- [download 27% complete]
  -- [download 28% complete]
  -- [download 29% complete]
  -- [download 30% complete]
  -- [download 31% complete]
  -- [download 32% complete]
  -- [download 33% complete]
  -- [download 34% complete]
  -- [download 35% complete]
  -- [download 36% complete]
  -- [download 38% complete]
  -- [download 40% complete]
  -- [download 42% complete]
  -- [download 44% complete]
  -- [download 46% complete]
  -- [download 47% complete]
  -- [download 48% complete]
  -- [download 49% complete]
  -- [download 50% complete]
  -- [download 51% complete]
  -- [download 52% complete]
  -- [download 53% complete]
  -- [download 54% complete]
  -- [download 55% complete]
  -- [download 56% complete]
  -- [download 57% complete]
  -- [download 58% complete]
  -- [download 59% complete]
  -- [download 60% complete]
  -- [download 61% complete]
  -- [download 62% complete]
  -- [download 63% complete]
  -- [download 64% complete]
  -- [download 65% complete]
  -- [download 66% complete]
  -- [download 67% complete]
  -- [download 68% complete]
  -- [download 69% complete]
  -- [download 70% complete]
  -- [download 71% complete]
  -- [download 72% complete]
  -- [download 73% complete]
  -- [download 74% complete]
  -- [download 75% complete]
  -- [download 76% complete]
  -- [download 77% complete]
  -- [download 78% complete]
  -- [download 79% complete]
  -- [download 80% complete]
  -- [download 81% complete]
  -- [download 82% complete]
  -- [download 83% complete]
  -- [download 84% complete]
  -- [download 85% complete]
  -- [download 86% complete]
  -- [download 87% complete]
  -- [download 88% complete]
  -- [download 89% complete]
  -- [download 90% complete]
  -- [download 91% complete]
  -- [download 92% complete]
  -- [download 93% complete]
  -- [download 94% complete]
  -- [download 95% complete]
  -- [download 96% complete]
  -- [download 97% complete]
  -- [download 98% complete]
  -- [download 99% complete]
  -- [download 100% complete]
  -- verifying file...
         file='C:/Visual Studio 2015/Projects/tensorflow/tensorflow/contrib/cmake/build/downloads/010bb3e71a26ca1d0884a167081d092b43563996.tar.gz'
  -- Downloading... done
  -- extracting...
       src='C:/Visual Studio 2015/Projects/tensorflow/tensorflow/contrib/cmake/build/downloads/010bb3e71a26ca1d0884a167081d092b43563996.tar.gz'
       dst='C:/Visual Studio 2015/Projects/tensorflow/tensorflow/contrib/cmake/build/gemmlowp/src/gemmlowp'
  -- extracting... [tar xfz]
  -- extracting... [analysis]
  -- extracting... [rename]
  -- extracting... [clean up]
  -- extracting... done
  No update step for 'gemmlowp'
  Performing patch step for 'gemmlowp'
  Performing configure step for 'gemmlowp'
  -- The C compiler identification is MSVC 19.0.24215.1
  -- The CXX compiler identification is MSVC 19.0.24215.1
  -- Check for working C compiler: C:/Program Files (x86)/Microsoft Visual Studio 14.0/VC/bin/x86_amd64/cl.exe
  -- Check for working C compiler: C:/Program Files (x86)/Microsoft Visual Studio 14.0/VC/bin/x86_amd64/cl.exe -- works
  -- Detecting C compiler ABI info
  -- Detecting C compiler ABI info - done
  -- Check for working CXX compiler: C:/Program Files (x86)/Microsoft Visual Studio 14.0/VC/bin/x86_amd64/cl.exe
  -- Check for working CXX compiler: C:/Program Files (x86)/Microsoft Visual Studio 14.0/VC/bin/x86_amd64/cl.exe -- works
  -- Detecting CXX compiler ABI info
  -- Detecting CXX compiler ABI info - done
  -- Detecting CXX compile features
  -- Detecting CXX compile features - done
  -- Configuring done
  -- Generating done
  -- Build files have been written to: C:/Visual Studio 2015/Projects/tensorflow/tensorflow/contrib/cmake/build/gemmlowp/src/gemmlowp
  Performing build step for 'gemmlowp'
  Microsoft (R) Build Engine version 14.0.25420.1
  Copyright (C) Microsoft Corporation. All rights reserved.
  
  Build started 18/08/2017 14:48:31.
  Project "C:\Visual Studio 2015\Projects\tensorflow\tensorflow\contrib\cmake\build\gemmlowp\src\gemmlowp\ALL_BUILD.vcxproj" on node 1 (default targets).
  Project "C:\Visual Studio 2015\Projects\tensorflow\tensorflow\contrib\cmake\build\gemmlowp\src\gemmlowp\ALL_BUILD.vcxproj" (1) is building "C:\Visual Studio 2015\Projects\tensorflow\tensorflow\contrib\cmake\build\gemmlowp\src\gemmlowp\ZERO_CHECK.vcxproj" (2) on node 1 (default targets).
  PrepareForBuild:
    Creating directory "x64\Release\ZERO_CHECK\".
    Creating directory "x64\Release\ZERO_CHECK\ZERO_CHECK.tlog\".
  InitializeBuildStatus:
    Creating "x64\Release\ZERO_CHECK\ZERO_CHECK.tlog\unsuccessfulbuild" because "AlwaysCreate" was specified.
  CustomBuild:
    Checking Build System
    CMake does not need to re-run because C:/Visual Studio 2015/Projects/tensorflow/tensorflow/contrib/cmake/build/gemmlowp/src/gemmlowp/CMakeFiles/generate.stamp is up-to-date.
  FinalizeBuildStatus:
    Deleting file "x64\Release\ZERO_CHECK\ZERO_CHECK.tlog\unsuccessfulbuild".
    Touching "x64\Release\ZERO_CHECK\ZERO_CHECK.tlog\ZERO_CHECK.lastbuildstate".
  Done Building Project "C:\Visual Studio 2015\Projects\tensorflow\tensorflow\contrib\cmake\build\gemmlowp\src\gemmlowp\ZERO_CHECK.vcxproj" (default targets).
  PrepareForBuild:
    Creating directory "x64\Release\ALL_BUILD\".
    Creating directory "x64\Release\ALL_BUILD\ALL_BUILD.tlog\".
  InitializeBuildStatus:
    Creating "x64\Release\ALL_BUILD\ALL_BUILD.tlog\unsuccessfulbuild" because "AlwaysCreate" was specified.
  CustomBuild:
    Building Custom Rule C:/Visual Studio 2015/Projects/tensorflow/tensorflow/contrib/cmake/build/gemmlowp/src/gemmlowp/CMakeLists.txt
    CMake does not need to re-run because C:/Visual Studio 2015/Projects/tensorflow/tensorflow/contrib/cmake/build/gemmlowp/src/gemmlowp/CMakeFiles/generate.stamp is up-to-date.
  FinalizeBuildStatus:
    Deleting file "x64\Release\ALL_BUILD\ALL_BUILD.tlog\unsuccessfulbuild".
    Touching "x64\Release\ALL_BUILD\ALL_BUILD.tlog\ALL_BUILD.lastbuildstate".
  Done Building Project "C:\Visual Studio 2015\Projects\tensorflow\tensorflow\contrib\cmake\build\gemmlowp\src\gemmlowp\ALL_BUILD.vcxproj" (default targets).
  
  Build succeeded.
      0 Warning(s)
      0 Error(s)
  
  Time Elapsed 00:00:02.80
  No install step for 'gemmlowp'
  Completed 'gemmlowp'
