  Building Custom Rule C:/Visual Studio 2015/Projects/tensorflow/tensorflow/contrib/cmake/CMakeLists.txt
  CMake does not need to re-run because C:/Visual Studio 2015/Projects/tensorflow/tensorflow/contrib/cmake/build/CMakeFiles/generate.stamp is up-to-date.
  add_default_attributes.cc
  backports.cc
  fake_quantize_training.cc
  file_utils.cc
  fold_batch_norms.cc
  fold_constants_lib.cc
  fold_old_batch_norms.cc
  freeze_requantization_ranges.cc
  fuse_convolutions.cc
  insert_logging.cc
  obfuscate_names.cc
  remove_attribute.cc
  remove_device.cc
  remove_ema.cc
  remove_nodes.cc
  rename_attribute.cc
  rename_op.cc
  set_device.cc
  sort_by_execution_order.cc
  sparsify_gather.cc
  strip_unused_nodes.cc
  transform_graph.cc
  transform_utils.cc
  tf_tools_transform_graph_lib.vcxproj -> C:\Visual Studio 2015\Projects\tensorflow\tensorflow\contrib\cmake\build\tf_tools_transform_graph_lib.dir\Release\tf_tools_transform_graph_lib.lib
