  Building Custom Rule C:/Visual Studio 2015/Projects/tensorflow/tensorflow/contrib/cmake/CMakeLists.txt
  CMake does not need to re-run because C:/Visual Studio 2015/Projects/tensorflow/tensorflow/contrib/cmake/build/CMakeFiles/generate.stamp is up-to-date.
  adjust_contrast_op.cc
  adjust_hue_op.cc
  adjust_saturation_op.cc
  aggregate_ops.cc
  argmax_op.cc
  as_string_op.cc
  attention_ops.cc
  avgpooling_op.cc
  barrier_ops.cc
  base64_ops.cc
  batch_dataset_op.cc
  batch_matmul_op_complex.cc
  batch_matmul_op_real.cc
  batch_norm_op.cc
  batchtospace_op.cc
  bcast_ops.cc
C:\Visual Studio 2015\Projects\tensorflow\tensorflow\core\kernels\batchtospace_op.cc(197): warning C4002: too many actual parameters for macro 'TF_BATCHTOSPACE_BLOCK_DIMS_CASE'
  betainc_op.cc
  bias_op.cc
  bincount_op.cc
  bitcast_op.cc
  bucketize_op.cc
  cache_dataset_ops.cc
  candidate_sampler_ops.cc
  captured_function.cc
  cast_op.cc
  cast_op_impl_bfloat.cc
  cast_op_impl_bool.cc
  cast_op_impl_complex128.cc
  cast_op_impl_complex64.cc
  cast_op_impl_double.cc
  cast_op_impl_float.cc
  cast_op_impl_half.cc
  cast_op_impl_int16.cc
  cast_op_impl_int32.cc
  cast_op_impl_int64.cc
  cast_op_impl_int8.cc
  cast_op_impl_uint16.cc
  cast_op_impl_uint8.cc
  check_numerics_op.cc
  cholesky_grad.cc
  cholesky_op.cc
  colorspace_op.cc
  compare_and_bitpack_op.cc
C:\Visual Studio 2015\Projects\tensorflow\tensorflow\core\kernels\compare_and_bitpack_op.cc(99): warning C4805: '|': unsafe mix of type 'int' and type 'bool' in operation
  C:\Visual Studio 2015\Projects\tensorflow\tensorflow\core\kernels\compare_and_bitpack_op.cc(92): note: while compiling class template member function 'void tensorflow::functor::ComputeShard<T,void,void>::Compute(Eigen::TensorMap<Eigen::Tensor<const T,2,1,IndexType>,16,Eigen::MakePointer>,Eigen::TensorMap<Eigen::Tensor<unsigned char,2,1,IndexType>,16,Eigen::MakePointer>,const T &,tensorflow::int64,tensorflow::int64)'
          with
          [
              T=Eigen::half,
              IndexType=Eigen::DenseIndex
          ]
  C:\Visual Studio 2015\Projects\tensorflow\tensorflow\core\kernels\compare_and_bitpack_op.cc(136): note: see reference to function template instantiation 'void tensorflow::functor::ComputeShard<T,void,void>::Compute(Eigen::TensorMap<Eigen::Tensor<const T,2,1,IndexType>,16,Eigen::MakePointer>,Eigen::TensorMap<Eigen::Tensor<unsigned char,2,1,IndexType>,16,Eigen::MakePointer>,const T &,tensorflow::int64,tensorflow::int64)' being compiled
          with
          [
              T=Eigen::half,
              IndexType=Eigen::DenseIndex
          ]
  C:\Visual Studio 2015\Projects\tensorflow\tensorflow\core\kernels\compare_and_bitpack_op.cc(136): note: see reference to class template instantiation 'tensorflow::functor::ComputeShard<T,void,void>' being compiled
          with
          [
              T=Eigen::half
          ]
  C:\Visual Studio 2015\Projects\tensorflow\tensorflow\core\kernels\compare_and_bitpack_op.cc(133): note: while compiling class template member function 'void tensorflow::functor::CompareAndBitpack<Device,T>::operator ()(tensorflow::OpKernelContext *,Eigen::TensorMap<Eigen::Tensor<const T,2,1,IndexType>,16,Eigen::MakePointer>,Eigen::TensorMap<Eigen::TensorFixedSize<const T,Eigen::Sizes<>,1,IndexType>,16,Eigen::MakePointer>,Eigen::TensorMap<Eigen::Tensor<unsigned char,2,1,IndexType>,16,Eigen::MakePointer>)'
          with
          [
              Device=tensorflow::CPUDevice,
              T=Eigen::half,
              IndexType=Eigen::DenseIndex
          ]
  C:\Visual Studio 2015\Projects\tensorflow\tensorflow\core\kernels\compare_and_bitpack_op.cc(71): note: see reference to function template instantiation 'void tensorflow::functor::CompareAndBitpack<Device,T>::operator ()(tensorflow::OpKernelContext *,Eigen::TensorMap<Eigen::Tensor<const T,2,1,IndexType>,16,Eigen::MakePointer>,Eigen::TensorMap<Eigen::TensorFixedSize<const T,Eigen::Sizes<>,1,IndexType>,16,Eigen::MakePointer>,Eigen::TensorMap<Eigen::Tensor<unsigned char,2,1,IndexType>,16,Eigen::MakePointer>)' being compiled
          with
          [
              Device=tensorflow::CPUDevice,
              T=Eigen::half,
              IndexType=Eigen::DenseIndex
          ]
  C:\Visual Studio 2015\Projects\tensorflow\tensorflow\core\kernels\compare_and_bitpack_op.cc(70): note: see reference to class template instantiation 'tensorflow::functor::CompareAndBitpack<Device,T>' being compiled
          with
          [
              Device=tensorflow::CPUDevice,
              T=Eigen::half
          ]
  C:\Visual Studio 2015\Projects\tensorflow\tensorflow\core\kernels\compare_and_bitpack_op.cc(42): note: while compiling class template member function 'void tensorflow::CompareAndBitpackOp<tensorflow::CPUDevice,Eigen::half>::Compute(tensorflow::OpKernelContext *)'
  C:\Visual Studio 2015\Projects\tensorflow\tensorflow\core\kernels\compare_and_bitpack_op.cc(80): note: see reference to class template instantiation 'tensorflow::CompareAndBitpackOp<tensorflow::CPUDevice,Eigen::half>' being compiled
  concat_lib_cpu.cc
  concat_lib_gpu.cc
  concat_op.cc
  concatenate_dataset_op.cc
  conditional_accumulator_base.cc
  conditional_accumulator_base_op.cc
  conditional_accumulator_op.cc
  constant_op.cc
  control_flow_ops.cc
  conv_grad_filter_ops.cc
  conv_grad_input_ops.cc
  conv_grad_ops.cc
  conv_grad_ops_3d.cc
  conv_ops.cc
  conv_ops_3d.cc
  conv_ops_fused.cc
  conv_ops_using_gemm.cc
  count_up_to_op.cc
  crop_and_resize_op.cc
  cross_op.cc
  ctc_decoder_ops.cc
  ctc_loss_op.cc
  cuda_solvers.cc
  cudnn_pooling_gpu.cc
  cwise_op_abs.cc
  cwise_op_acos.cc
  cwise_op_acosh.cc
  cwise_op_add_1.cc
  cwise_op_add_2.cc
  cwise_op_arg.cc
  cwise_op_asin.cc
  cwise_op_asinh.cc
  cwise_op_atan.cc
  cwise_op_atan2.cc
  cwise_op_atanh.cc
  cwise_op_bitwise_and.cc
  cwise_op_bitwise_or.cc
  cwise_op_bitwise_xor.cc
  cwise_op_ceil.cc
  cwise_op_complex.cc
  cwise_op_conj.cc
  cwise_op_cos.cc
  cwise_op_cosh.cc
  cwise_op_digamma.cc
  cwise_op_div.cc
  cwise_op_equal_to_1.cc
  cwise_op_equal_to_2.cc
  cwise_op_erf.cc
  cwise_op_erfc.cc
  cwise_op_exp.cc
  cwise_op_expm1.cc
  cwise_op_floor.cc
  cwise_op_floor_div.cc
  cwise_op_floor_mod.cc
  cwise_op_greater.cc
  cwise_op_greater_equal.cc
  cwise_op_igammas.cc
  cwise_op_imag.cc
  cwise_op_invert.cc
  cwise_op_isfinite.cc
  cwise_op_isinf.cc
  cwise_op_isnan.cc
  cwise_op_less.cc
  cwise_op_less_equal.cc
  cwise_op_lgamma.cc
  cwise_op_log.cc
  cwise_op_log1p.cc
  cwise_op_logical_and.cc
  cwise_op_logical_not.cc
  cwise_op_logical_or.cc
  cwise_op_maximum.cc
  cwise_op_minimum.cc
  cwise_op_mod.cc
  cwise_op_mul_1.cc
  cwise_op_mul_2.cc
  cwise_op_neg.cc
  cwise_op_not_equal_to_1.cc
  cwise_op_not_equal_to_2.cc
  cwise_op_pow.cc
  cwise_op_real.cc
  cwise_op_reciprocal.cc
  cwise_op_rint.cc
  cwise_op_round.cc
  cwise_op_rsqrt.cc
  cwise_op_select.cc
  cwise_op_sigmoid.cc
  cwise_op_sign.cc
  cwise_op_sin.cc
  cwise_op_sinh.cc
  cwise_op_sqrt.cc
  cwise_op_square.cc
  cwise_op_squared_difference.cc
  cwise_op_sub.cc
  cwise_op_tan.cc
  cwise_op_tanh.cc
  cwise_op_zeta.cc
  cwise_ops_common.cc
  dataset.cc
  debug_ops.cc
  decode_bmp_op.cc
  decode_csv_op.cc
  decode_image_op.cc
  decode_raw_op.cc
  decode_wav_op.cc
  deep_conv2d.cc
  dense_to_sparse_batch_dataset_op.cc
  dense_update_functor.cc
  dense_update_ops.cc
  depthtospace_op.cc
  depthwise_conv_grad_op.cc
  depthwise_conv_op.cc
  determinant_op.cc
  diag_op.cc
  dilation_ops.cc
  draw_bounding_box_op.cc
  dynamic_partition_op.cc
  dynamic_stitch_op.cc
  edit_distance_op.cc
  encode_jpeg_op.cc
  encode_png_op.cc
  encode_wav_op.cc
  example_parsing_ops.cc
  extract_image_patches_op.cc
  fact_op.cc
  fake_quant_ops.cc
  fft_ops.cc
  fifo_queue.cc
  fifo_queue_op.cc
  fill_functor.cc
  filter_dataset_op.cc
  fixed_length_record_reader_op.cc
  flat_map_dataset_op.cc
  fractional_avg_pool_op.cc
  fractional_max_pool_op.cc
  fractional_pool_common.cc
  function_ops.cc
  fused_batch_norm_op.cc
  gather_functor.cc
  gather_nd_op.cc
  gather_nd_op_cpu_impl_0.cc
  gather_nd_op_cpu_impl_1.cc
  gather_nd_op_cpu_impl_2.cc
  gather_nd_op_cpu_impl_3.cc
  gather_nd_op_cpu_impl_4.cc
  gather_nd_op_cpu_impl_5.cc
  gather_op.cc
  group_by_window_dataset_op.cc
  i_remote_fused_graph_ops_definitions.cc
  identity_n_op.cc
  identity_op.cc
  identity_reader_op.cc
  ignore_errors_dataset_op.cc
  immutable_constant_op.cc
  in_topk_op.cc
  initializable_lookup_table.cc
  inplace_ops.cc
  interleave_dataset_op.cc
  iterator_ops.cc
  l2loss_op.cc
  linalg_ops_common.cc
  listdiff_op.cc
  lmdb_reader_op.cc
  logging_ops.cc
  lookup_table_init_op.cc
  lookup_table_op.cc
  lookup_util.cc
  lrn_op.cc
  map_dataset_op.cc
  map_stage_op.cc
  matching_files_op.cc
  matmul_op.cc
  matrix_band_part_op.cc
  matrix_diag_op.cc
  matrix_inverse_op.cc
  matrix_set_diag_op.cc
  matrix_solve_ls_op.cc
  matrix_solve_op.cc
  matrix_triangular_solve_op.cc
  maxpooling_op.cc
  mfcc.cc
  mfcc_dct.cc
  mfcc_mel_filterbank.cc
  mfcc_op.cc
  mirror_pad_op.cc
  mirror_pad_op_cpu_impl_1.cc
  mirror_pad_op_cpu_impl_2.cc
  mirror_pad_op_cpu_impl_3.cc
  mirror_pad_op_cpu_impl_4.cc
  mirror_pad_op_cpu_impl_5.cc
  mkl_avgpooling_op.cc
  mkl_concat_op.cc
  mkl_conv_grad_bias_ops.cc
  mkl_conv_grad_filter_ops.cc
  mkl_conv_grad_input_ops.cc
  mkl_conv_ops.cc
  mkl_fused_batch_norm_op.cc
  mkl_identity_op.cc
  mkl_lrn_op.cc
  mkl_matmul_op.cc
  mkl_maxpooling_op.cc
  mkl_pooling_ops_common.cc
  mkl_relu_op.cc
  mkl_reshape_op.cc
  mkl_tfconv_op.cc
  mkl_transpose_op.cc
  multinomial_op.cc
  no_op.cc
  non_max_suppression_op.cc
  one_hot_op.cc
  ops_util.cc
  pack_op.cc
  pad_op.cc
  padded_batch_dataset_op.cc
  padding_fifo_queue.cc
  padding_fifo_queue_op.cc
  parallel_map_dataset_op.cc
  parameterized_truncated_normal_op.cc
  parse_tensor_op.cc
  pooling_ops_3d.cc
  pooling_ops_common.cc
  population_count_op.cc
  prefetch_dataset_op.cc
  priority_queue.cc
  priority_queue_op.cc
  qr_op_complex128.cc
  qr_op_complex64.cc
  qr_op_double.cc
  qr_op_float.cc
  queue_base.cc
  queue_ops.cc
  random_crop_op.cc
  random_op.cc
  random_poisson_op.cc
  random_shuffle_op.cc
  random_shuffle_queue_op.cc
  range_dataset_op.cc
  range_sampler.cc
  reader_dataset_ops.cc
  reader_ops.cc
  record_input_op.cc
  record_yielder.cc
  reduce_join_op.cc
  reduction_ops_all.cc
  reduction_ops_any.cc
  reduction_ops_common.cc
  reduction_ops_max.cc
  reduction_ops_mean.cc
  reduction_ops_min.cc
  reduction_ops_prod.cc
  reduction_ops_sum.cc
  relu_op.cc
  remote_fused_graph_execute_op.cc
C:\Visual Studio 2015\Projects\tensorflow\tensorflow\core\kernels\remote_fused_graph_execute_op.cc(74): warning C4373: 'tensorflow::RemoteFusedGraphExecuteOp::Compute': virtual function overrides 'tensorflow::OpKernel::Compute', previous versions of the compiler did not override when parameters only differed by const/volatile qualifiers
  C:\Visual Studio 2015\Projects\tensorflow\tensorflow/core/framework/op_kernel.h(106): note: see declaration of 'tensorflow::OpKernel::Compute'
  remote_fused_graph_execute_utils.cc
  repeat_dataset_op.cc
  reshape_op.cc
  resize_area_op.cc
  resize_bicubic_op.cc
  resize_bilinear_op.cc
  resize_nearest_neighbor_op.cc
  resource_variable_ops.cc
  restore_op.cc
  reverse_op.cc
  reverse_sequence_op.cc
  sample_distorted_bounding_box_op.cc
  save_op.cc
  save_restore_tensor.cc
  save_restore_v2_ops.cc
  scan_ops.cc
  scatter_functor.cc
  scatter_nd_op.cc
  scatter_nd_op_cpu_impl_0.cc
  scatter_nd_op_cpu_impl_1.cc
  scatter_nd_op_cpu_impl_2.cc
  scatter_nd_op_cpu_impl_3.cc
  scatter_nd_op_cpu_impl_4.cc
  scatter_nd_op_cpu_impl_5.cc
  scatter_op.cc
  sdca_internal.cc
  sdca_ops.cc
  segment_reduction_ops.cc
  self_adjoint_eig_op.cc
  self_adjoint_eig_v2_op.cc
  sendrecv_ops.cc
  sequence_ops.cc
  serialize_sparse_op.cc
  session_ops.cc
  set_kernels.cc
  shape_ops.cc
  shuffle_dataset_op.cc
  skip_dataset_op.cc
  slice_op.cc
  slice_op_cpu_impl_1.cc
  slice_op_cpu_impl_2.cc
  slice_op_cpu_impl_3.cc
  slice_op_cpu_impl_4.cc
  slice_op_cpu_impl_5.cc
  slice_op_cpu_impl_6.cc
  slice_op_cpu_impl_7.cc
  softmax_op.cc
  softplus_op.cc
  softsign_op.cc
  spacetobatch_functor.cc
  spacetobatch_op.cc
  spacetodepth_op.cc
C:\Visual Studio 2015\Projects\tensorflow\tensorflow\core\kernels\spacetobatch_op.cc(196): warning C4002: too many actual parameters for macro 'TF_SPACETOBATCH_BLOCK_DIMS_CASE'
  sparse_add_grad_op.cc
  sparse_add_op.cc
  sparse_concat_op.cc
  sparse_conditional_accumulator_op.cc
  sparse_cross_op.cc
  sparse_dense_binary_op_shared.cc
  sparse_fill_empty_rows_op.cc
  sparse_matmul_op.cc
  sparse_reduce_op.cc
  sparse_reorder_op.cc
  sparse_reshape_op.cc
  sparse_slice_op.cc
  sparse_softmax_op.cc
  sparse_sparse_binary_op_shared.cc
  sparse_split_op.cc
  sparse_tensor_dense_add_op.cc
  sparse_tensor_dense_matmul_op.cc
  sparse_tensor_slice_dataset_op.cc
  sparse_tensors_map_ops.cc
  sparse_to_dense_op.cc
  sparse_xent_op.cc
  spectrogram.cc
  spectrogram_op.cc
  split_lib_cpu.cc
  split_op.cc
  split_v_op.cc
  stack_ops.cc
  stage_op.cc
  stateless_random_ops.cc
  strided_slice_op.cc
  strided_slice_op_define_grad.cc
  strided_slice_op_inst_0.cc
  strided_slice_op_inst_1.cc
  strided_slice_op_inst_2.cc
  strided_slice_op_inst_3.cc
  strided_slice_op_inst_4.cc
  strided_slice_op_inst_5.cc
  strided_slice_op_inst_6.cc
  strided_slice_op_inst_7.cc
  string_join_op.cc
  string_split_op.cc
  string_to_hash_bucket_op.cc
  string_to_number_op.cc
  substr_op.cc
  summary_audio_op.cc
  summary_image_op.cc
  summary_op.cc
  summary_tensor_op.cc
  svd_op_complex128.cc
  svd_op_complex64.cc
  svd_op_double.cc
  svd_op_float.cc
  take_dataset_op.cc
  tensor_array.cc
  tensor_array_ops.cc
  tensor_dataset_op.cc
  tensor_slice_dataset_op.cc
  text_line_reader_op.cc
  tf_record_reader_op.cc
  tile_functor_cpu.cc
  tile_ops.cc
  tile_ops_cpu_impl_1.cc
  tile_ops_cpu_impl_2.cc
  tile_ops_cpu_impl_3.cc
  tile_ops_cpu_impl_4.cc
  tile_ops_cpu_impl_5.cc
  tile_ops_cpu_impl_6.cc
  tile_ops_cpu_impl_7.cc
  topk_op.cc
  training_op_helpers.cc
  transpose_functor_cpu.cc
  transpose_op.cc
  unique_op.cc
  unpack_op.cc
  warn_about_ints.cc
  where_op.cc
  whole_file_read_ops.cc
  window_dataset.cc
  word2vec_kernels.cc
  xent_op.cc
  xsmm_conv2d.cc
  zip_dataset_op.cc
  batch_features.cc
  dropout_utils.cc
  examples_iterable.cc
  parallel_for.cc
  sparse_column_iterable.cc
  tensor_utils.cc
  example_partitioner.cc
  bias-feature-column-handler.cc
  categorical-feature-column-handler.cc
  dense-quantized-feature-column-handler.cc
  sparse-quantized-feature-column-handler.cc
  multiple_additive_trees.cc
  decision_tree.cc
  masked_matmul_ops.cc
  wals_solver_ops.cc
  factorization_ops.cc
  generate_vocab_remapping_op.cc
  load_and_remap_matrix_op.cc
  zero_initializer_op.cc
  checkpoint_ops.cc
  sparse_feature_cross_kernel.cc
  sparse_feature_cross_op.cc
  resampler_ops.cc
  tensor_forest_ops.cc
  reinterpret_string_to_float_op.cc
  scatter_add_ndim_op.cc
  tree_utils.cc
  hard_routing_function_op.cc
  k_feature_gradient_op.cc
  k_feature_routing_function_op.cc
  routing_function_op.cc
  routing_gradient_op.cc
  stochastic_hard_routing_function_op.cc
  stochastic_hard_routing_gradient_op.cc
  unpack_path_op.cc
  utils.cc
  skip_gram_kernels.cc
  skip_gram_ops.cc
  cross_replica_ops.cc
  infeed_ops.cc
  outfeed_ops.cc
  replication_ops.cc
  tpu_configuration_ops.cc
  training_ops.cc
  variable_ops.cc
  ensemble_optimizer_ops.cc
C:\Visual Studio 2015\Projects\tensorflow\tensorflow\contrib\boosted_trees\kernels\ensemble_optimizer_ops.cc(63): warning C4373: 'tensorflow::AddTreesToEnsembleOp::Compute': virtual function overrides 'tensorflow::OpKernel::Compute', previous versions of the compiler did not override when parameters only differed by const/volatile qualifiers
  C:\Visual Studio 2015\Projects\tensorflow\tensorflow/core/framework/op_kernel.h(106): note: see declaration of 'tensorflow::OpKernel::Compute'
  model_ops.cc
  prediction_ops.cc
C:\Visual Studio 2015\Projects\tensorflow\tensorflow\contrib\boosted_trees\kernels\prediction_ops.cc(138): warning C4373: 'tensorflow::boosted_trees::GradientTreesPredictionOp::Compute': virtual function overrides 'tensorflow::OpKernel::Compute', previous versions of the compiler did not override when parameters only differed by const/volatile qualifiers
  C:\Visual Studio 2015\Projects\tensorflow\tensorflow/core/framework/op_kernel.h(106): note: see declaration of 'tensorflow::OpKernel::Compute'
C:\Visual Studio 2015\Projects\tensorflow\tensorflow\contrib\boosted_trees\kernels\prediction_ops.cc(329): warning C4373: 'tensorflow::boosted_trees::GradientTreesPartitionExamplesOp::Compute': virtual function overrides 'tensorflow::OpKernel::Compute', previous versions of the compiler did not override when parameters only differed by const/volatile qualifiers
  C:\Visual Studio 2015\Projects\tensorflow\tensorflow/core/framework/op_kernel.h(106): note: see declaration of 'tensorflow::OpKernel::Compute'
  quantile_ops.cc
C:\Visual Studio 2015\Projects\tensorflow\tensorflow\contrib\boosted_trees\kernels\quantile_ops.cc(317): warning C4373: 'tensorflow::MakeQuantileSummariesOp::Compute': virtual function overrides 'tensorflow::OpKernel::Compute', previous versions of the compiler did not override when parameters only differed by const/volatile qualifiers
  C:\Visual Studio 2015\Projects\tensorflow\tensorflow/core/framework/op_kernel.h(106): note: see declaration of 'tensorflow::OpKernel::Compute'
C:\Visual Studio 2015\Projects\tensorflow\tensorflow\contrib\boosted_trees\kernels\quantile_ops.cc(645): warning C4373: 'tensorflow::QuantileAccumulatorGetBucketsOp::Compute': virtual function overrides 'tensorflow::OpKernel::Compute', previous versions of the compiler did not override when parameters only differed by const/volatile qualifiers
  C:\Visual Studio 2015\Projects\tensorflow\tensorflow/core/framework/op_kernel.h(106): note: see declaration of 'tensorflow::OpKernel::Compute'
C:\Visual Studio 2015\Projects\tensorflow\tensorflow\contrib\boosted_trees\kernels\quantile_ops.cc(725): warning C4373: 'tensorflow::QuantileBucketsOp::Compute': virtual function overrides 'tensorflow::OpKernel::Compute', previous versions of the compiler did not override when parameters only differed by const/volatile qualifiers
  C:\Visual Studio 2015\Projects\tensorflow\tensorflow/core/framework/op_kernel.h(106): note: see declaration of 'tensorflow::OpKernel::Compute'
C:\Visual Studio 2015\Projects\tensorflow\tensorflow\contrib\boosted_trees\kernels\quantile_ops.cc(831): warning C4373: 'tensorflow::QuantilesOp::Compute': virtual function overrides 'tensorflow::OpKernel::Compute', previous versions of the compiler did not override when parameters only differed by const/volatile qualifiers
  C:\Visual Studio 2015\Projects\tensorflow\tensorflow/core/framework/op_kernel.h(106): note: see declaration of 'tensorflow::OpKernel::Compute'
  split_handler_ops.cc
C:\Visual Studio 2015\Projects\tensorflow\tensorflow\contrib\boosted_trees\kernels\split_handler_ops.cc(113): warning C4373: 'tensorflow::BuildDenseInequalitySplitsOp::Compute': virtual function overrides 'tensorflow::OpKernel::Compute', previous versions of the compiler did not override when parameters only differed by const/volatile qualifiers
  C:\Visual Studio 2015\Projects\tensorflow\tensorflow/core/framework/op_kernel.h(106): note: see declaration of 'tensorflow::OpKernel::Compute'
C:\Visual Studio 2015\Projects\tensorflow\tensorflow\contrib\boosted_trees\kernels\split_handler_ops.cc(247): warning C4373: 'tensorflow::BuildSparseInequalitySplitsOp::Compute': virtual function overrides 'tensorflow::OpKernel::Compute', previous versions of the compiler did not override when parameters only differed by const/volatile qualifiers
  C:\Visual Studio 2015\Projects\tensorflow\tensorflow/core/framework/op_kernel.h(106): note: see declaration of 'tensorflow::OpKernel::Compute'
C:\Visual Studio 2015\Projects\tensorflow\tensorflow\contrib\boosted_trees\kernels\split_handler_ops.cc(424): warning C4373: 'tensorflow::BuildCategoricalEqualitySplitsOp::Compute': virtual function overrides 'tensorflow::OpKernel::Compute', previous versions of the compiler did not override when parameters only differed by const/volatile qualifiers
  C:\Visual Studio 2015\Projects\tensorflow\tensorflow/core/framework/op_kernel.h(106): note: see declaration of 'tensorflow::OpKernel::Compute'
  stats_accumulator_ops.cc
  training_ops.cc
C:\Visual Studio 2015\Projects\tensorflow\tensorflow\contrib\boosted_trees\kernels\training_ops.cc(174): warning C4373: 'tensorflow::boosted_trees::CenterTreeEnsembleBiasOp::Compute': virtual function overrides 'tensorflow::OpKernel::Compute', previous versions of the compiler did not override when parameters only differed by const/volatile qualifiers
  C:\Visual Studio 2015\Projects\tensorflow\tensorflow/core/framework/op_kernel.h(106): note: see declaration of 'tensorflow::OpKernel::Compute'
C:\Visual Studio 2015\Projects\tensorflow\tensorflow\contrib\boosted_trees\kernels\training_ops.cc(318): warning C4373: 'tensorflow::boosted_trees::GrowTreeEnsembleOp::Compute': virtual function overrides 'tensorflow::OpKernel::Compute', previous versions of the compiler did not override when parameters only differed by const/volatile qualifiers
  C:\Visual Studio 2015\Projects\tensorflow\tensorflow/core/framework/op_kernel.h(106): note: see declaration of 'tensorflow::OpKernel::Compute'
C:\Visual Studio 2015\Projects\tensorflow\tensorflow\contrib\boosted_trees\kernels\training_ops.cc(749): warning C4373: 'tensorflow::boosted_trees::TreeEnsembleStatsOp::Compute': virtual function overrides 'tensorflow::OpKernel::Compute', previous versions of the compiler did not override when parameters only differed by const/volatile qualifiers
  C:\Visual Studio 2015\Projects\tensorflow\tensorflow/core/framework/op_kernel.h(106): note: see declaration of 'tensorflow::OpKernel::Compute'
  ensemble_optimizer_ops.cc
  model_ops.cc
  prediction_ops.cc
  quantile_ops.cc
  split_handler_ops.cc
  stats_accumulator_ops.cc
  training_ops.cc
  clustering_ops.cc
  clustering_ops.cc
  variable_ops.cc
strided_slice_op_define_grad.obj : warning LNK4221: This object file does not define any previously undefined public symbols, so it will not be used by any link operation that consumes this library
scatter_functor.obj : warning LNK4221: This object file does not define any previously undefined public symbols, so it will not be used by any link operation that consumes this library
i_remote_fused_graph_ops_definitions.obj : warning LNK4221: This object file does not define any previously undefined public symbols, so it will not be used by any link operation that consumes this library
gather_functor.obj : warning LNK4221: This object file does not define any previously undefined public symbols, so it will not be used by any link operation that consumes this library
dense_update_functor.obj : warning LNK4221: This object file does not define any previously undefined public symbols, so it will not be used by any link operation that consumes this library
cudnn_pooling_gpu.obj : warning LNK4221: This object file does not define any previously undefined public symbols, so it will not be used by any link operation that consumes this library
conv_ops_using_gemm.obj : warning LNK4221: This object file does not define any previously undefined public symbols, so it will not be used by any link operation that consumes this library
concat_lib_gpu.obj : warning LNK4221: This object file does not define any previously undefined public symbols, so it will not be used by any link operation that consumes this library
  tf_core_kernels.vcxproj -> C:\Visual Studio 2015\Projects\tensorflow\tensorflow\contrib\cmake\build\tf_core_kernels.dir\Release\tf_core_kernels.lib
