  Building Custom Rule C:/Visual Studio 2015/Projects/tensorflow/tensorflow/contrib/cmake/CMakeLists.txt
  CMake does not need to re-run because C:/Visual Studio 2015/Projects/tensorflow/tensorflow/contrib/cmake/build/CMakeFiles/generate.stamp is up-to-date.
  loader.cc
  allocator_retry.cc
  bfc_allocator.cc
  build_graph_options.cc
  copy_tensor.cc
  costmodel_manager.cc
  debugger_state_interface.cc
  device.cc
  device_factory.cc
  device_mgr.cc
  device_set.cc
  executor.cc
  function.cc
  graph_optimizer.cc
  graph_runner.cc
  local_device.cc
  memory_types.cc
  optimization_registry.cc
  parallel_concat_optimizer.cc
  process_function_library_runtime.cc
  process_util.cc
  renamed_device.cc
  rendezvous_mgr.cc
  resource_variable_read_optimizer.cc
  session_state.cc
  shape_refiner.cc
  simple_graph_execution_state.cc
  simple_placer.cc
  stats_publisher_interface.cc
  step_stats_collector.cc
  sycl_allocator.cc
  sycl_device.cc
  sycl_device_context.cc
  sycl_device_factory.cc
  threadpool_device.cc
  threadpool_device_factory.cc
  debug.cc
  debug_gateway.cc
  debug_graph_utils.cc
  debug_io_utils.cc
  debugger_state_impl.cc
  server_lib.cc
  algorithm.cc
  colors.cc
  control_flow.cc
  costmodel.cc
  gradients.cc
  graph_constructor.cc
  graph_def_builder.cc
  graph_partition.cc
  mkl_layout_pass.cc
  mkl_tfconversion_pass.cc
  node_builder.cc
  optimizer_cse.cc
  quantize_training.cc
  subgraph.cc
  tensor_id.cc
  validate.cc
  cluster.cc
  virtual_cluster.cc
  analytical_cost_estimator.cc
  graph_memory.cc
  graph_properties.cc
  measuring_cost_estimator.cc
  op_level_cost_estimator.cc
  robust_stats.cc
  virtual_placer.cc
  virtual_scheduler.cc
  devices.cc
  grappler_item.cc
  grappler_item_builder.cc
  op_types.cc
  auto_parallel.cc
  graph_rewriter.cc
  layout_optimizer.cc
  memory_optimizer.cc
  meta_optimizer.cc
  model_pruner.cc
  static_schedule.cc
  scc.cc
  topological_sort.cc
  constant_folding.cc
  utils.cc
  utils.cc
  utils.cc
  constant_folding.cc
  utils.cc
  tf_core_cpu.vcxproj -> C:\Visual Studio 2015\Projects\tensorflow\tensorflow\contrib\cmake\build\tf_core_cpu.dir\Release\tf_core_cpu.lib
